add new product: 0 Chilli 20 10 false
add new product: 1 Lemon 0 0 false
add new product: 2 Durian 3 10 true
add new product: 3 Papaya 10 20 true
add new product: 4 Orange 8 0 false
add new product: 5 Carrot 25 15 false
add new product: 6 Apple 0 10 true
add new product: 7 Corn 5 5 false
add new product: 8 Mango 10 10 false
add new product: 9 Cabbage 10 10 false
0 Chilli 20 10 false
1 Lemon 0 0 false
2 Durian 3 10 true
3 Papaya 10 20 true
4 Orange 8 0 false
5 Carrot 25 15 false
6 Apple 0 10 true
7 Corn 5 5 false
8 Mango 10 10 false
9 Cabbage 10 10 false