add new product: 2 Chilli 20 10 false
add new product: 2 Lemon -10 -20 false
add new product: 2 Durian 3 10 true
add new product: 2 Papaya 10 20 true
add new product: 2 Orange 8 0 false
add new product: 2 Carrot 25 15 false
add new product: 2 Apple -5 10 true
add new product: 2 Corn 5 5 false
add new product: 2 Mango 10 10 false
add new product: 2 Cabbage 10 10 false
2 Chilli 20 10 false
2 Lemon -10 -20 false
2 Durian 3 10 true
2 Papaya 10 20 true
2 Orange 8 0 false
2 Carrot 25 15 false
2 Apple -5 10 true
2 Corn 5 5 false
2 Mango 10 10 false
2 Cabbage 10 10 false