add new product: Chilli 20 10 false
add new product: Lemon 0 0 false
add new product: Durian 3 10 true
add new product: Papaya 10 20 true
add new product: Orange 8 0 false
add new product: Carrot 25 15 false
add new product: Apple 0 10 true
add new product: Corn 5 5 false
add new product: Mango 10 10 false
add new product: Cabbage 10 10 false
Chilli 20 10 false
Lemon 0 0 false
Durian 3 10 true
Papaya 10 20 true
Orange 8 0 false
Carrot 25 15 false
Apple 0 10 true
Corn 5 5 false
Mango 10 10 false
Cabbage 10 10 false