add new product: 1 Chilli 20 10 false
1 Chilli 20 10 false
add new product: 2 Lemon -10 -20 false
2 Lemon -10 -20 false
add new product: 3 Durian 3 10 true
3 Durian 3 10 true
add new product: 4 Papaya 10 20 true
4 Papaya 10 20 true
add new product: 5 Orange 8 0 false
5 Orange 8 0 false
add new product: 6 Carrot 25 15 false
6 Carrot 25 15 false
add new product: 7 Apple -5 10 true
7 Apple -5 10 true
add new product: 8 Corn 5 5 false
8 Corn 5 5 false
add new product: 9 Mango 10 10 false
9 Mango 10 10 false
add new product: 10 Cabbage 10 10 false
10 Cabbage 10 10 false